::1 - - [26/Dec/2024:13:15:46 +0000] "POST /api/user/signup HTTP/1.1" 201 39 "-" "PostmanRuntime/7.43.0"
::1 - - [26/Dec/2024:13:15:57 +0000] "POST /api/user/signup HTTP/1.1" 201 39 "-" "PostmanRuntime/7.43.0"
::1 - - [26/Dec/2024:13:16:03 +0000] "POST /api/user/signup HTTP/1.1" 201 39 "-" "PostmanRuntime/7.43.0"
::1 - - [26/Dec/2024:13:16:07 +0000] "POST /api/user/signup HTTP/1.1" 201 39 "-" "PostmanRuntime/7.43.0"
::1 - - [26/Dec/2024:13:16:14 +0000] "POST /api/user/signup HTTP/1.1" 201 39 "-" "PostmanRuntime/7.43.0"
::1 - - [26/Dec/2024:13:16:19 +0000] "POST /api/user/signup HTTP/1.1" 201 39 "-" "PostmanRuntime/7.43.0"
::1 - - [26/Dec/2024:13:25:40 +0000] "GET /api/admin/whole_user_details?skip=1&limit=2 HTTP/1.1" 500 41 "-" "PostmanRuntime/7.43.0"
::1 - - [31/Dec/2024:13:00:17 +0000] "POST /api/user/signup HTTP/1.1" 201 39 "-" "PostmanRuntime/7.43.0"
::1 - - [31/Dec/2024:13:00:34 +0000] "POST /api/user/login HTTP/1.1" 200 287 "-" "PostmanRuntime/7.43.0"
::1 - - [31/Dec/2024:13:00:40 +0000] "GET /api/user/profile HTTP/1.1" 401 38 "-" "PostmanRuntime/7.43.0"
::1 - - [31/Dec/2024:13:00:43 +0000] "GET /api/user/profile HTTP/1.1" 401 38 "-" "PostmanRuntime/7.43.0"
::1 - - [31/Dec/2024:13:01:17 +0000] "GET /api/user/profile HTTP/1.1" 401 38 "-" "PostmanRuntime/7.43.0"
::1 - - [31/Dec/2024:13:01:19 +0000] "GET /api/user/profile HTTP/1.1" 401 38 "-" "PostmanRuntime/7.43.0"
::1 - - [31/Dec/2024:13:01:23 +0000] "POST /api/user/login HTTP/1.1" 200 287 "-" "PostmanRuntime/7.43.0"
::1 - - [31/Dec/2024:13:01:27 +0000] "POST /api/user/login HTTP/1.1" 200 287 "-" "PostmanRuntime/7.43.0"
::1 - - [31/Dec/2024:13:01:41 +0000] "GET /api/user/profile HTTP/1.1" 401 38 "-" "PostmanRuntime/7.43.0"
::1 - - [31/Dec/2024:13:01:42 +0000] "GET /api/user/profile HTTP/1.1" 401 38 "-" "PostmanRuntime/7.43.0"
::1 - - [31/Dec/2024:13:02:04 +0000] "GET /api/user/profile HTTP/1.1" 401 38 "-" "PostmanRuntime/7.43.0"
::1 - - [31/Dec/2024:13:03:55 +0000] "POST /api/user/login HTTP/1.1" 200 287 "-" "PostmanRuntime/7.43.0"
::1 - - [31/Dec/2024:13:03:58 +0000] "GET /api/user/profile HTTP/1.1" 401 38 "-" "PostmanRuntime/7.43.0"
::1 - - [31/Dec/2024:13:03:59 +0000] "GET /api/user/profile HTTP/1.1" 401 38 "-" "PostmanRuntime/7.43.0"
::1 - - [31/Dec/2024:13:04:33 +0000] "POST /api/user/login HTTP/1.1" 200 287 "-" "PostmanRuntime/7.43.0"
::1 - - [31/Dec/2024:13:04:36 +0000] "GET /api/user/profile HTTP/1.1" 200 453 "-" "PostmanRuntime/7.43.0"
::1 - - [31/Dec/2024:13:08:25 +0000] "POST /api/admin/update_user_details HTTP/1.1" 404 33 "-" "PostmanRuntime/7.43.0"
::1 - - [31/Dec/2024:13:08:49 +0000] "GET /api/user/profile HTTP/1.1" 200 453 "-" "PostmanRuntime/7.43.0"
::1 - - [31/Dec/2024:13:09:12 +0000] "POST /api/admin/update_user_details HTTP/1.1" 404 33 "-" "PostmanRuntime/7.43.0"
::1 - - [31/Dec/2024:13:09:38 +0000] "GET /api/admin/user_details?userId=c67d15ca-714c-4ff1-ab7d-d5fbc31bf2cf HTTP/1.1" 200 100 "-" "PostmanRuntime/7.43.0"
::1 - - [31/Dec/2024:13:10:32 +0000] "POST /api/admin/update_user_details?userId=c67d15ca-714c-4ff1-ab7d-d5fbc31bf2cf HTTP/1.1" 200 510 "-" "PostmanRuntime/7.43.0"
::1 - - [31/Dec/2024:13:11:02 +0000] "POST /api/course/create_course HTTP/1.1" 201 456 "-" "PostmanRuntime/7.43.0"
::1 - - [31/Dec/2024:13:11:12 +0000] "GET /api/course/get_courses?page=2&limit=2 HTTP/1.1" 500 66 "-" "PostmanRuntime/7.43.0"
::1 - - [31/Dec/2024:13:13:26 +0000] "GET /api/course/get_courses?page=2&limit=2 HTTP/1.1" 200 458 "-" "PostmanRuntime/7.43.0"
